Error importing to 2010 the file: /6a00d83453a81b69e20120a8b066c4970b-pi
Error importing to 2010 the file: /6a00d83453a81b69e20120a8b06762970b-pi
Error importing to 2010 the file: /6a00d83453a81b69e2012877b32fc5970c-pi
Error importing to 2010 the file: /6a00d83453a81b69e20120a8b06947970b-pi
Error importing to 2010 the file: /6a00d83453a81b69e20120a8ccb7c4970b-pi
Error importing to 2010 the file: /6a00d83453a81b69e20120a8ccb824970b-pi
Error importing to 2010 the file: /6a00d83453a81b69e20120a8ccb8da970b-pi
Error importing to 2010 the file: /setting-up-for-the-wind
Error importing to 2010 the file: /4507419003
Error importing to 2010 the file: /4520923024
Error importing to 2010 the file: /liberias_ellen_johnson_sirleaf
Error importing to 2010 the file: /?attachment_id=384
Error importing to 2010 the file: /4705271005
Error importing to 2010 the file: /photostream
Error importing to 2010 the file: /4642912266
Error importing to 2010 the file: /3332926105
Error importing to 2010 the file: /4724841072
Error importing to 2010 the file: /62817513
Error importing to 2010 the file: /4359119969
Error importing to 2010 the file: /?attachment_id=575
Error importing to 2010 the file: /3226148438
Error importing to 2010 the file: /?attachment_id=620
Error importing to 2011 the file: /3us0oz
Error importing to 2011 the file: /5496208756
Error importing to 2011 the file: /photostream
Error importing to 2011 the file: /photostream
Error importing to 2012 the file: /imag0162
Error importing to 2012 the file: /imag0161
Error importing to 2012 the file: /imag0165
Error importing to 2012 the file: /imag0166
Error importing to 2012 the file: /imag0164
